<?xml version="1.0" encoding="UTF-8"?>
<!-- Generated by org.testng.reporters.JUnitReportReporter -->
<testsuite hostname="DESKTOP-T4AH2G5" failures="0" tests="5" name="Test.Goibibo" time="154.273" errors="0" timestamp="2023-11-21T15:27:46 IST" skipped="0">
  <testcase classname="Test.Goibibo" name="e_doctors" time="24.410"/>
  <testcase classname="Test.Goibibo" name="a_regular" time="36.054"/>
  <testcase classname="Test.Goibibo" name="c_seniorCitizen" time="25.042"/>
  <testcase classname="Test.Goibibo" name="b_ArmedForces" time="43.887"/>
  <testcase classname="Test.Goibibo" name="d_student" time="24.880"/>
</testsuite> <!-- Test.Goibibo -->
