<?xml version="1.0" encoding="UTF-8"?>
<!-- Generated by org.testng.reporters.JUnitReportReporter -->
<testsuite hostname="DESKTOP-T4AH2G5" failures="0" tests="8" name="Test.Keywork" time="0.060" errors="0" timestamp="2023-11-19T12:58:07 IST" skipped="1">
  <testcase classname="Test.Keywork" name="M1" time="0.004"/>
  <testcase classname="Test.Keywork" name="M1" time="0.006"/>
  <testcase classname="Test.Keywork" name="M1" time="0.009"/>
  <testcase classname="Test.Keywork" name="M1" time="0.002"/>
  <testcase classname="Test.Keywork" name="M1" time="0.005"/>
  <testcase classname="Test.Keywork" name="M" time="0.032">
    <system-out>
      <![CDATA[run m4]]>
    </system-out>
  </testcase> <!-- M -->
  <testcase classname="Test.Keywork" name="M2" time="0.002"/>
  <testcase classname="Test.Keywork" name="M3">
    <skipped/>
  </testcase> <!-- M3 -->
  <system-out>
    <![CDATA[run m4]]>
  </system-out>
</testsuite> <!-- Test.Keywork -->
